
ROM used:   5146/32768 (16%)
            5146/32768 (16%) including unused fragments

            3.8 Average locations per line
            22.4 Average locations per statement

RAM used:   41/2048 (2%) at main() level
            75/2048 (4%) worst case

Stack used: 12 worst case (5 in main + 7 for interrupts)
Stack size: 31

Lines Stmts  %   Files
----- ----- ---  -----
  353   167  73  scsPic.c
  837     0   0  ..\..\..\..\Program Files (x86)\PICC\Devices\18F4550.h
  182    63  27  Mi_LCD.c
----- -----
 1372   230 Total

Page ROM  %  RAM   Vol Diff  Functions:
---- --- --- ---   --- ----  ----------
0     38   0    1             @delay_ms1
0     30   0    1             @delay_us1
0     30   0    0             @const653
0     54   1    3   463  4.3  lcd_read_byte
0     26   0    1   134  2.2  lcd_send_nibble
0     54   1    3   317  4.3  lcd_send_byte
0    148   1    2   422  4.7  lcd_init
0     34   0    4   186  5.5  lcd_gotoxy
0     66   1    1   272  4.1  lcd_putc
0     24   0    0             @GETCH_BIU_1
0    110   1    7   201  4.3  duty_50
0     62   1    6             @WRITEBITA
0     60   1    0   219  1.4  define_puertos
0     20   0    1    48  1.1  correr_bandas_finales
0     56   1    0   295  3.5  parar_planta
0      2   0    0             @const704
0     32   0    2             @PSTRINGC_674
0      6   0    0             @const706
0     70   1    0   240  2.6  int_rb_pulsadores
0      2   0    0             @const708
0      6   0    0             @const709
0      8   0    0             @const710
0     36   0    2             @PSTRINGC_9600_31766_31767
0      2   0    0             @const712
0      6   0    0             @const713
0     34   0    0   121  2.5  rb_isr
0     56   1    0    35  1.9  leerADC
0     56   1    2             @ITOF
0    242   2   11             @MULFF
0    204   2    0   535  5.6  subir_ascensor
0    118   1   10             @FLT
0    170   2    0   516  4.3  bajar_ascensor
0   1158  11    4  2203  8.3  MAIN
0      2   0    0             @const729
0     12   0    0             @const730
0      2   0    0             @const731
0     12   0    0             @const732
0     42   0    3             @PSTRINGCN_674
0     40   0    3             @DIV88
0    218   2    6             @PRINTF_D_674
0      2   0    0             @const741
0     14   0    0             @const742
0      2   0    0             @const743
0     10   0    0             @const744
0      2   0    0             @const745
0      8   0    0             @const746
0      2   0    0             @const747
0     12   0    0             @const748
0    620   6   16             @ADDFF
0    348   3   14             @DIVFF
0     64   1    5             @FTOSD
0    142   1   13             @DIV3232
0    386   4   13             @PRINTF_L32D_9600_31766_31767FPFPF
0      2   0    0             @const764
0     12   0    0             @const765
0     14   0    0             @const766
 Inline         0             @cinit1

Program metrics:
    Functions               16
    Statements              230
    Comments                309
    Volume (V)              10117
    Difficulty (D)          56.8
    Effort to implement (E) 574731
    Time to implement (T)   8 hours, 52 minutes
    Est Delivered Bugs (B)  2
    Cyclomatic Complexity   22
    Maintainability (MI)    119

 Segment     Used  Free
-----------  ----  ----
00000-00002     4  0  
00004-00006     0  4  
00008-000A0   154  0  
000A2-07FFE  4988  27618  



