
ROM used:   1632/32768 (5%)
            1632/32768 (5%) including unused fragments

            1.8 Average locations per line
            39.8 Average locations per statement

RAM used:   29/2048 (1%) at main() level
            64/2048 (3%) worst case

Stack used: 4 worst case (2 in main + 2 for interrupts)
Stack size: 31

Lines Stmts  %   Files
----- ----- ---  -----
  109    41 100  main.c
  775     0   0  ..\..\..\..\..\..\..\Program Files (x86)\PICC\Devices\18F2550.h
----- -----
  884    41 Total

Page ROM  %  RAM   Vol Diff  Functions:
---- --- --- ---   --- ----  ----------
0     38   1    1             @delay_ms1
0     24   1    0             @GETCH_BIU_1
0     32   1    0    67  1.2  define_puertos
0     22   1    0    57  1.8  rb_isr
0    316  10    0   794  5.8  MAIN
0     56   2    2             @ITOF
0    242   7   11             @MULFF
0    120   4   10             @FLT
0      8   0    0             @const657
0     36   1    2             @PSTRINGC_9600_31766_31767
0     64   2    5             @FTOSD
0    142   4   13             @DIV3232
0    386  12   13             @PRINTF_L32D_9600_31766_31767FPFPF
 Inline         0             @cinit1

Program metrics:
    Functions               3
    Statements              41
    Comments                172
    Volume (V)              1101
    Difficulty (D)          8.0
    Effort to implement (E) 8809
    Time to implement (T)   8 minutes
    Est Delivered Bugs (B)  0
    Cyclomatic Complexity   7
    Maintainability (MI)    60

 Segment     Used  Free
-----------  ----  ----
00000-00002     4  0  
00004-00006     0  4  
00008-00094   142  0  
00096-07FFE  1486  31132  



