
ROM used:   3710/32768 (11%)
            3710/32768 (11%) including unused fragments

            3.4 Average locations per line
            27.1 Average locations per statement

RAM used:   39/2048 (2%) at main() level
            63/2048 (3%) worst case

Stack used: 6 worst case (2 in main + 4 for interrupts)
Stack size: 31

Lines Stmts  %   Files
----- ----- ---  -----
  307   137 100  scsPic.c
  775     0   0  ..\..\..\..\..\..\..\Program Files (x86)\PICC\Devices\18F2550.h
----- -----
 1082   137 Total

Page ROM  %  RAM   Vol Diff  Functions:
---- --- --- ---   --- ----  ----------
0     38   1    1             @delay_ms1
0     30   0    1             @delay_us1
0     24   0    0             @GETCH_BIU_1
0    110   1    7   201  4.3  duty_50
0     62   1    6             @WRITEBITA
0     56   1    0   195  1.4  define_puertos
0     20   0    1    48  1.1  correr_bandas_finales
0     36   0    0   228  3.1  parar_planta
0     26   0    0    80  1.4  int_rb_pulsadores
0      8   0    0             @const656
0     36   0    2             @PSTRINGC_9600_31766_31767
0     34   0    0   121  2.5  rb_isr
0     56   1    0    35  1.9  leerADC
0     56   1    2             @ITOF
0    242   3   11             @MULFF
0    200   3    0   535  5.6  subir_ascensor
0    118   2   10             @FLT
0    170   2    0   516  4.3  bajar_ascensor
0    670   9    4  1297  7.6  MAIN
0    620   8   16             @ADDFF
0    348   5   14             @DIVFF
0     64   1    5             @FTOSD
0    142   2   13             @DIV3232
0    386   5   13             @PRINTF_L32D_9600_31766_31767FPFPF
 Inline         0             @cinit1

Program metrics:
    Functions               10
    Statements              137
    Comments                224
    Volume (V)              4952
    Difficulty (D)          32.2
    Effort to implement (E) 159275
    Time to implement (T)   2 hours, 27 minutes
    Est Delivered Bugs (B)  1
    Cyclomatic Complexity   15
    Maintainability (MI)    139

 Segment     Used  Free
-----------  ----  ----
00000-00002     4  0  
00004-00006     0  4  
00008-000A0   154  0  
000A2-07FFE  3552  29054  



