--- Info 300 "main2.c" Line 56(6,18): More info:   First Declaration of parar_planta
*** Error 31 "main2.c" Line 88(19,20): Identifier is already used in this scope
*** Error 28 "main2.c" Line 89(20,27): Expecting an identifier
*** Error 43 "main2.c" Line 89(27,28): Expecting a declaration
*** Error 28 "main2.c" Line 94(23,30): Expecting an identifier
*** Error 43 "main2.c" Line 94(30,31): Expecting a declaration
*** Error 28 "main2.c" Line 97(23,30): Expecting an identifier
*** Error 43 "main2.c" Line 97(30,31): Expecting a declaration
*** Error 43 "main2.c" Line 100(7,12): Expecting a declaration
*** Error 43 "main2.c" Line 100(12,13): Expecting a declaration
*** Error 43 "main2.c" Line 100(13,14): Expecting a declaration
*** Error 28 "main2.c" Line 100(20,27): Expecting an identifier
*** Error 43 "main2.c" Line 100(27,28): Expecting a declaration
*** Error 43 "main2.c" Line 100(28,29): Expecting a declaration
*** Error 28 "main2.c" Line 101(19,22): Expecting an identifier
*** Error 43 "main2.c" Line 101(23,24): Expecting a declaration
*** Error 43 "main2.c" Line 102(7,8): Expecting a declaration
*** Error 43 "main2.c" Line 104(10,12): Expecting a declaration
*** Error 43 "main2.c" Line 104(12,13): Expecting a declaration
*** Error 48 "main2.c" Line 104(13,26): Expecting a (
*** Error 43 "main2.c" Line 104(27,28): Expecting a declaration
*** Error 28 "main2.c" Line 106(24,31): Expecting an identifier
*** Error 43 "main2.c" Line 106(31,32): Expecting a declaration
*** Error 43 "main2.c" Line 107(8,9): Expecting a declaration
*** Error 43 "main2.c" Line 107(9,13): Expecting a declaration
*** Error 43 "main2.c" Line 107(13,14): Expecting a declaration
*** Error 43 "main2.c" Line 109(15,17): Expecting a declaration
*** Error 43 "main2.c" Line 109(17,18): Expecting a declaration
*** Error 28 "main2.c" Line 109(24,31): Expecting an identifier
*** Error 43 "main2.c" Line 109(31,32): Expecting a declaration
*** Error 43 "main2.c" Line 109(32,33): Expecting a declaration
*** Error 28 "main2.c" Line 111(24,31): Expecting an identifier
*** Error 43 "main2.c" Line 111(31,32): Expecting a declaration
*** Error 28 "main2.c" Line 112(22,26): Expecting an identifier
*** Error 43 "main2.c" Line 112(27,28): Expecting a declaration
*** Error 28 "main2.c" Line 113(25,32): Expecting an identifier
*** Error 43 "main2.c" Line 113(32,33): Expecting a declaration
*** Error 43 "main2.c" Line 114(15,16): Expecting a declaration
*** Error 43 "main2.c" Line 115(8,9): Expecting a declaration
*** Error 28 "main2.c" Line 117(21,28): Expecting an identifier
*** Error 43 "main2.c" Line 117(28,29): Expecting a declaration
*** Error 43 "main2.c" Line 118(1,2): Expecting a declaration
